[2024-05-28 00:17:41] [MOTION-DETECT] Motion was detected, saving latest image with Trigger: 'Motion'
[2024-05-28 00:17:49] [MOTION-DETECT] Motion was detected, saving latest image with Trigger: 'Motion'
[2024-05-28 00:20:02] [DRONE-FLIGHT] Synchronizing time with the drone
[2024-05-28 00:20:03] [DRONE-FLIGHT] Time synchronized successfully.
[2024-05-28 00:20:03] [DRONE-FLIGHT] Copying photos and metadata from the Raspberry Pi
[2024-05-28 00:20:04] [DRONE-FLIGHT] Photos and metadata copied successfully.
[2024-05-28 00:20:04] [DRONE-FLIGHT] Updating metadata JSON files with drone copy info
[2024-05-28 00:20:05] [DRONE-FLIGHT] Updated metadata: /home/emli/camera/2024-05-28/001737_047.json
[2024-05-28 00:20:05] [TAKE-PHOTO-CRON] 5 minutes have passed, taking photo
[2024-05-28 00:20:06] [DRONE-FLIGHT] Updated metadata: /home/emli/camera/2024-05-28/001745_521.json
[2024-05-28 00:20:06] [DRONE-FLIGHT] Finished updating metadata JSON files
[2024-05-28 00:20:07] [DRONE-FLIGHT] Operation completed
[2024-05-28 00:20:06] [TAKE-PHOTO-CRON] Photo taken with Trigger: 'Time'
[2024-05-28 00:23:51] [MOTION-DETECT] Motion was detected, saving latest image with Trigger: 'Motion'
[2024-05-28 00:24:39] [MOTION-DETECT] Motion was detected, saving latest image with Trigger: 'Motion'
[2024-05-28 00:24:47] [MOTION-DETECT] Motion was detected, saving latest image with Trigger: 'Motion'
[2024-05-28 00:24:56] [MOTION-DETECT] Motion was detected, saving latest image with Trigger: 'Motion'
[2024-05-28 00:25:04] [TAKE-PHOTO-CRON] 5 minutes have passed, taking photo
[2024-05-28 00:25:05] [TAKE-PHOTO-CRON] Photo taken with Trigger: 'Time'
[2024-05-28 00:26:16] [MOTION-DETECT] Motion was detected, saving latest image with Trigger: 'Motion'
[2024-05-28 00:26:24] [MOTION-DETECT] Motion was detected, saving latest image with Trigger: 'Motion'
[2024-05-28 00:26:32] [MOTION-DETECT] Motion was detected, saving latest image with Trigger: 'Motion'
[2024-05-28 00:26:40] [MOTION-DETECT] Motion was detected, saving latest image with Trigger: 'Motion'
[2024-05-28 00:28:41] [MOTION-DETECT] Motion was detected, saving latest image with Trigger: 'Motion'
[2024-05-28 00:30:01] [TAKE-PHOTO-CRON] 5 minutes have passed, taking photo
[2024-05-28 00:30:03] [TAKE-PHOTO-CRON] Photo taken with Trigger: 'Time'
[2024-05-28 00:31:22] [MOTION-DETECT] Motion was detected, saving latest image with Trigger: 'Motion'
[2024-05-28 00:31:31] [MOTION-DETECT] Motion was detected, saving latest image with Trigger: 'Motion'
[2024-05-28 00:31:39] [MOTION-DETECT] Motion was detected, saving latest image with Trigger: 'Motion'
[2024-05-28 00:31:47] [MOTION-DETECT] Motion was detected, saving latest image with Trigger: 'Motion'
[2024-05-28 00:32:27] [MOTION-DETECT] Motion was detected, saving latest image with Trigger: 'Motion'
[2024-05-28 00:32:47] [MQTT-BRIDGE] External trigger detected, attempting to take photo
[2024-05-28 00:32:53] [MQTT-BRIDGE] Photo taken with Trigger: 'External': /home/emli/camera/2024-05-28/003252_056.jpg
[2024-05-28 00:33:03] [RAIN-DETECT] Rain detected, requesting lens wipe.
[2024-05-28 00:33:03] [RAIN-DETECT] Publishing MQTT message: {"rain_detect": 1}
[2024-05-28 00:33:03] [MQTT-BRIDGE] Rain detected, requesting lens wipe.
[2024-05-28 00:33:03] [RAIN-DETECT] Received MQTT message: {"wiper_angle": 0}
[2024-05-28 00:33:03] [RAIN-DETECT] Sending wiper angle command: 0
[2024-05-28 00:33:05] [RAIN-DETECT] Received MQTT message: {"wiper_angle": 180}
[2024-05-28 00:33:05] [RAIN-DETECT] Sending wiper angle command: 180
[2024-05-28 00:33:07] [RAIN-DETECT] Received MQTT message: {"wiper_angle": 0}
[2024-05-28 00:33:07] [RAIN-DETECT] Sending wiper angle command: 0
[2024-05-28 00:35:01] [TAKE-PHOTO-CRON] 5 minutes have passed, taking photo
[2024-05-28 00:35:02] [TAKE-PHOTO-CRON] Photo taken with Trigger: 'Time'
[2024-05-28 00:40:06] [TAKE-PHOTO-CRON] 5 minutes have passed, taking photo
[2024-05-28 00:40:07] [TAKE-PHOTO-CRON] Photo taken with Trigger: 'Time'
[2024-05-28 00:41:42] [MOTION-DETECT] Motion was detected, saving latest image with Trigger: 'Motion'
[2024-05-28 00:43:33] [MOTION-DETECT] Motion was detected, saving latest image with Trigger: 'Motion'
[2024-05-28 00:44:30] [MOTION-DETECT] Motion was detected, saving latest image with Trigger: 'Motion'
[2024-05-28 00:45:02] [TAKE-PHOTO-CRON] 5 minutes have passed, taking photo
[2024-05-28 00:45:03] [TAKE-PHOTO-CRON] Photo taken with Trigger: 'Time'
[2024-05-28 00:45:17] [DRONE-FLIGHT] Synchronizing time with the drone
[2024-05-28 00:45:18] [DRONE-FLIGHT] Time synchronized successfully.
[2024-05-28 00:45:18] [DRONE-FLIGHT] Copying photos and metadata from the Raspberry Pi
[2024-05-28 00:45:19] [DRONE-FLIGHT] Photos and metadata copied successfully.
[2024-05-28 00:45:19] [DRONE-FLIGHT] Updating metadata JSON files with drone copy info
[2024-05-28 00:45:20] [DRONE-FLIGHT] Updated metadata: /home/emli/camera/2024-05-28/004425_775.json
[2024-05-28 00:45:21] [DRONE-FLIGHT] Updated metadata: /home/emli/camera/2024-05-28/004502_076.json
[2024-05-28 00:45:21] [DRONE-FLIGHT] Finished updating metadata JSON files
[2024-05-28 00:45:22] [DRONE-FLIGHT] Operation completed
[2024-05-28 00:47:19] [MOTION-DETECT] Motion was detected, saving latest image with Trigger: 'Motion'
[2024-05-28 00:47:35] [MOTION-DETECT] Motion was detected, saving latest image with Trigger: 'Motion'
[2024-05-28 00:50:07] [TAKE-PHOTO-CRON] 5 minutes have passed, taking photo
[2024-05-28 00:50:09] [TAKE-PHOTO-CRON] Photo taken with Trigger: 'Time'
[2024-05-28 00:55:05] [TAKE-PHOTO-CRON] 5 minutes have passed, taking photo
[2024-05-28 00:55:06] [TAKE-PHOTO-CRON] Photo taken with Trigger: 'Time'
[2024-05-28 01:00:02] [TAKE-PHOTO-CRON] 5 minutes have passed, taking photo
[2024-05-28 01:00:04] [TAKE-PHOTO-CRON] Photo taken with Trigger: 'Time'
[2024-05-28 01:00:43] [MOTION-DETECT] Motion was detected, saving latest image with Trigger: 'Motion'
[2024-05-28 01:00:51] [MOTION-DETECT] Motion was detected, saving latest image with Trigger: 'Motion'
[2024-05-28 01:03:31] [MOTION-DETECT] Motion was detected, saving latest image with Trigger: 'Motion'
[2024-05-28 01:05:07] [TAKE-PHOTO-CRON] 5 minutes have passed, taking photo
[2024-05-28 01:05:08] [TAKE-PHOTO-CRON] Photo taken with Trigger: 'Time'
[2024-05-28 01:10:04] [TAKE-PHOTO-CRON] 5 minutes have passed, taking photo
[2024-05-28 01:10:05] [TAKE-PHOTO-CRON] Photo taken with Trigger: 'Time'
[2024-05-28 01:15:02] [TAKE-PHOTO-CRON] 5 minutes have passed, taking photo
[2024-05-28 01:15:03] [TAKE-PHOTO-CRON] Photo taken with Trigger: 'Time'
[2024-05-28 01:20:07] [TAKE-PHOTO-CRON] 5 minutes have passed, taking photo
[2024-05-28 01:20:09] [TAKE-PHOTO-CRON] Photo taken with Trigger: 'Time'
[2024-05-28 01:25:03] [TAKE-PHOTO-CRON] 5 minutes have passed, taking photo
[2024-05-28 01:25:05] [TAKE-PHOTO-CRON] Photo taken with Trigger: 'Time'
[2024-05-28 01:30:01] [TAKE-PHOTO-CRON] 5 minutes have passed, taking photo
[2024-05-28 01:30:02] [TAKE-PHOTO-CRON] Photo taken with Trigger: 'Time'
[2024-05-28 01:30:57] [MOTION-DETECT] Motion was detected, saving latest image with Trigger: 'Motion'
[2024-05-28 01:33:14] [MOTION-DETECT] Motion was detected, saving latest image with Trigger: 'Motion'
[2024-05-28 01:33:22] [MOTION-DETECT] Motion was detected, saving latest image with Trigger: 'Motion'
[2024-05-28 01:35:06] [TAKE-PHOTO-CRON] 5 minutes have passed, taking photo
[2024-05-28 01:35:08] [TAKE-PHOTO-CRON] Photo taken with Trigger: 'Time'
[2024-05-28 01:40:03] [TAKE-PHOTO-CRON] 5 minutes have passed, taking photo
[2024-05-28 01:40:05] [TAKE-PHOTO-CRON] Photo taken with Trigger: 'Time'
[2024-05-28 01:42:52] [MOTION-DETECT] Motion was detected, saving latest image with Trigger: 'Motion'
[2024-05-28 01:43:32] [MOTION-DETECT] Motion was detected, saving latest image with Trigger: 'Motion'
[2024-05-28 01:43:48] [MOTION-DETECT] Motion was detected, saving latest image with Trigger: 'Motion'
[2024-05-28 01:45:01] [TAKE-PHOTO-CRON] 5 minutes have passed, taking photo
[2024-05-28 01:45:02] [TAKE-PHOTO-CRON] Photo taken with Trigger: 'Time'
[2024-05-28 01:46:21] [MOTION-DETECT] Motion was detected, saving latest image with Trigger: 'Motion'
[2024-05-28 01:46:45] [MOTION-DETECT] Motion was detected, saving latest image with Trigger: 'Motion'
[2024-05-28 01:48:37] [MOTION-DETECT] Motion was detected, saving latest image with Trigger: 'Motion'
[2024-05-28 01:48:53] [MOTION-DETECT] Motion was detected, saving latest image with Trigger: 'Motion'
[2024-05-28 01:50:05] [TAKE-PHOTO-CRON] 5 minutes have passed, taking photo
[2024-05-28 01:50:06] [TAKE-PHOTO-CRON] Photo taken with Trigger: 'Time'
[2024-05-28 01:50:45] [MOTION-DETECT] Motion was detected, saving latest image with Trigger: 'Motion'
[2024-05-28 01:52:37] [MOTION-DETECT] Motion was detected, saving latest image with Trigger: 'Motion'
[2024-05-28 01:53:09] [MOTION-DETECT] Motion was detected, saving latest image with Trigger: 'Motion'
[2024-05-28 01:53:34] [MOTION-DETECT] Motion was detected, saving latest image with Trigger: 'Motion'
[2024-05-28 01:53:42] [MOTION-DETECT] Motion was detected, saving latest image with Trigger: 'Motion'
[2024-05-28 01:53:50] [MOTION-DETECT] Motion was detected, saving latest image with Trigger: 'Motion'
[2024-05-28 01:54:38] [MOTION-DETECT] Motion was detected, saving latest image with Trigger: 'Motion'
[2024-05-28 01:54:46] [MOTION-DETECT] Motion was detected, saving latest image with Trigger: 'Motion'
[2024-05-28 01:55:02] [TAKE-PHOTO-CRON] 5 minutes have passed, taking photo
[2024-05-28 01:55:04] [TAKE-PHOTO-CRON] Photo taken with Trigger: 'Time'
[2024-05-28 02:00:06] [TAKE-PHOTO-CRON] 5 minutes have passed, taking photo
[2024-05-28 02:00:08] [TAKE-PHOTO-CRON] Photo taken with Trigger: 'Time'
[2024-05-28 02:05:02] [TAKE-PHOTO-CRON] 5 minutes have passed, taking photo
[2024-05-28 02:05:04] [TAKE-PHOTO-CRON] Photo taken with Trigger: 'Time'
[2024-05-28 02:07:35] [MOTION-DETECT] Motion was detected, saving latest image with Trigger: 'Motion'
[2024-05-28 02:07:51] [MOTION-DETECT] Motion was detected, saving latest image with Trigger: 'Motion'
[2024-05-28 02:08:07] [MOTION-DETECT] Motion was detected, saving latest image with Trigger: 'Motion'
[2024-05-28 02:08:15] [MOTION-DETECT] Motion was detected, saving latest image with Trigger: 'Motion'
[2024-05-28 02:08:31] [MOTION-DETECT] Motion was detected, saving latest image with Trigger: 'Motion'
[2024-05-28 02:09:04] [MOTION-DETECT] Motion was detected, saving latest image with Trigger: 'Motion'
[2024-05-28 02:09:27] [MOTION-DETECT] Motion was detected, saving latest image with Trigger: 'Motion'
[2024-05-28 02:09:35] [MOTION-DETECT] Motion was detected, saving latest image with Trigger: 'Motion'
[2024-05-28 02:09:43] [MOTION-DETECT] Motion was detected, saving latest image with Trigger: 'Motion'
[2024-05-28 02:10:07] [TAKE-PHOTO-CRON] 5 minutes have passed, taking photo
[2024-05-28 02:10:09] [TAKE-PHOTO-CRON] Photo taken with Trigger: 'Time'
[2024-05-28 02:13:37] [MOTION-DETECT] Motion was detected, saving latest image with Trigger: 'Motion'
[2024-05-28 02:15:05] [TAKE-PHOTO-CRON] 5 minutes have passed, taking photo
[2024-05-28 02:15:07] [TAKE-PHOTO-CRON] Photo taken with Trigger: 'Time'
[2024-05-28 02:18:11] [MOTION-DETECT] Motion was detected, saving latest image with Trigger: 'Motion'
[2024-05-28 02:18:43] [MOTION-DETECT] Motion was detected, saving latest image with Trigger: 'Motion'
[2024-05-28 02:20:03] [TAKE-PHOTO-CRON] 5 minutes have passed, taking photo
[2024-05-28 02:20:04] [TAKE-PHOTO-CRON] Photo taken with Trigger: 'Time'
[2024-05-28 02:25:01] [TAKE-PHOTO-CRON] 5 minutes have passed, taking photo
[2024-05-28 02:25:03] [TAKE-PHOTO-CRON] Photo taken with Trigger: 'Time'
[2024-05-28 02:30:07] [TAKE-PHOTO-CRON] 5 minutes have passed, taking photo
[2024-05-28 02:30:08] [TAKE-PHOTO-CRON] Photo taken with Trigger: 'Time'
[2024-05-28 02:31:59] [MOTION-DETECT] Motion was detected, saving latest image with Trigger: 'Motion'
[2024-05-28 02:32:56] [DRONE-FLIGHT] Synchronizing time with the drone
[2024-05-28 02:32:57] [DRONE-FLIGHT] Time synchronized successfully.
[2024-05-28 02:32:57] [DRONE-FLIGHT] Copying photos and metadata from the Raspberry Pi
[2024-05-28 02:32:58] [DRONE-FLIGHT] Photos and metadata copied successfully.
[2024-05-28 02:32:58] [DRONE-FLIGHT] Updating metadata JSON files with drone copy info
[2024-05-28 02:32:59] [DRONE-FLIGHT] Updated metadata: /home/emli/camera/2024-05-28/023155_244.json
[2024-05-28 02:32:59] [DRONE-FLIGHT] Finished updating metadata JSON files
[2024-05-28 02:33:00] [DRONE-FLIGHT] Operation completed
[2024-05-28 02:35:04] [TAKE-PHOTO-CRON] 5 minutes have passed, taking photo
[2024-05-28 02:35:06] [TAKE-PHOTO-CRON] Photo taken with Trigger: 'Time'
[2024-05-28 02:38:41] [MOTION-DETECT] Motion was detected, saving latest image with Trigger: 'Motion'
[2024-05-28 02:39:29] [MOTION-DETECT] Motion was detected, saving latest image with Trigger: 'Motion'
[2024-05-28 02:40:02] [TAKE-PHOTO-CRON] 5 minutes have passed, taking photo
[2024-05-28 02:40:03] [TAKE-PHOTO-CRON] Photo taken with Trigger: 'Time'
[2024-05-28 02:40:18] [MOTION-DETECT] Motion was detected, saving latest image with Trigger: 'Motion'
[2024-05-28 02:40:50] [MOTION-DETECT] Motion was detected, saving latest image with Trigger: 'Motion'
[2024-05-28 02:43:20] [DRONE-FLIGHT] Synchronizing time with the drone
[2024-05-28 02:43:21] [DRONE-FLIGHT] Time synchronized successfully.
[2024-05-28 02:43:21] [DRONE-FLIGHT] Copying photos and metadata from the Raspberry Pi
[2024-05-28 02:43:22] [DRONE-FLIGHT] Photos and metadata copied successfully.
[2024-05-28 02:43:22] [DRONE-FLIGHT] Updating metadata JSON files with drone copy info
[2024-05-28 02:43:23] [DRONE-FLIGHT] Updated metadata: /home/emli/camera/2024-05-28/023155_244.json
[2024-05-28 02:43:24] [DRONE-FLIGHT] Updated metadata: /home/emli/camera/2024-05-28/023504_590.json
[2024-05-28 02:43:25] [DRONE-FLIGHT] Updated metadata: /home/emli/camera/2024-05-28/023837_121.json
[2024-05-28 02:43:26] [DRONE-FLIGHT] Updated metadata: /home/emli/camera/2024-05-28/023925_487.json
[2024-05-28 02:43:26] [DRONE-FLIGHT] Updated metadata: /home/emli/camera/2024-05-28/024002_055.json
[2024-05-28 02:43:27] [DRONE-FLIGHT] Updated metadata: /home/emli/camera/2024-05-28/024014_121.json
[2024-05-28 02:43:28] [DRONE-FLIGHT] Updated metadata: /home/emli/camera/2024-05-28/024046_474.json
[2024-05-28 02:43:28] [DRONE-FLIGHT] Finished updating metadata JSON files
[2024-05-28 02:43:29] [DRONE-FLIGHT] Operation completed
[2024-05-28 02:45:08] [TAKE-PHOTO-CRON] 5 minutes have passed, taking photo
[2024-05-28 02:45:09] [TAKE-PHOTO-CRON] Photo taken with Trigger: 'Time'
[2024-05-28 02:48:44] [MOTION-DETECT] Motion was detected, saving latest image with Trigger: 'Motion'
[2024-05-28 02:49:57] [MOTION-DETECT] Motion was detected, saving latest image with Trigger: 'Motion'
[2024-05-28 02:50:05] [TAKE-PHOTO-CRON] 5 minutes have passed, taking photo
[2024-05-28 02:50:06] [TAKE-PHOTO-CRON] Photo taken with Trigger: 'Time'
[2024-05-28 02:50:22] [MOTION-DETECT] Motion was detected, saving latest image with Trigger: 'Motion'
[2024-05-28 02:51:10] [MOTION-DETECT] Motion was detected, saving latest image with Trigger: 'Motion'
[2024-05-28 02:51:34] [MOTION-DETECT] Motion was detected, saving latest image with Trigger: 'Motion'
[2024-05-28 13:26:58] [MQTT-BRIDGE] External trigger detected, attempting to take photo
[2024-05-28 13:26:59] [MQTT-BRIDGE] Photo taken with Trigger: 'External': /home/emli/camera/2024-05-28/132658_315.jpg
[2024-05-28 13:27:11] [RAIN-DETECT] Rain detected, requesting lens wipe.
[2024-05-28 13:27:11] [RAIN-DETECT] Publishing MQTT message: {"rain_detect": 1}
[2024-05-28 13:27:11] [MQTT-BRIDGE] Rain detected, requesting lens wipe.
[2024-05-28 13:27:11] [RAIN-DETECT] Received MQTT message: {"wiper_angle": 0}
[2024-05-28 13:27:11] [RAIN-DETECT] Sending wiper angle command: 0
[2024-05-28 13:27:13] [RAIN-DETECT] Received MQTT message: {"wiper_angle": 180}
[2024-05-28 13:27:13] [RAIN-DETECT] Sending wiper angle command: 180
[2024-05-28 13:27:15] [RAIN-DETECT] Received MQTT message: {"wiper_angle": 0}
[2024-05-28 13:27:15] [RAIN-DETECT] Sending wiper angle command: 0